Source.obj : error LNK2019: ссылка на неразрешенный внешний символ "__declspec(dllimport) public: __cdecl sf::Time::Time(void)" (__imp_??0Time@sf@@QEAA@XZ) в функции "bool __cdecl startGame(void)" (?startGame@@YA_NXZ).
Source.obj : error LNK2019: ссылка на неразрешенный внешний символ "__declspec(dllimport) public: float __cdecl sf::Time::asSeconds(void)const " (__imp_?asSeconds@Time@sf@@QEBAMXZ) в функции "bool __cdecl startGame(void)" (?startGame@@YA_NXZ).
Source.obj : error LNK2019: ссылка на неразрешенный внешний символ "__declspec(dllimport) public: __cdecl sf::Clock::Clock(void)" (__imp_??0Clock@sf@@QEAA@XZ) в функции "bool __cdecl startGame(void)" (?startGame@@YA_NXZ).
Source.obj : error LNK2019: ссылка на неразрешенный внешний символ "__declspec(dllimport) public: class sf::Time __cdecl sf::Clock::getElapsedTime(void)const " (__imp_?getElapsedTime@Clock@sf@@QEBA?AVTime@2@XZ) в функции "bool __cdecl startGame(void)" (?startGame@@YA_NXZ).
Source.obj : error LNK2019: ссылка на неразрешенный внешний символ "__declspec(dllimport) public: __cdecl sf::String::String(char const *,class std::locale const &)" (__imp_??0String@sf@@QEAA@PEBDAEBVlocale@std@@@Z) в функции "void __cdecl menu(class sf::RenderWindow &)" (?menu@@YAXAEAVRenderWindow@sf@@@Z).
Source.obj : error LNK2019: ссылка на неразрешенный внешний символ "__declspec(dllimport) public: __cdecl sf::String::String(class std::basic_string<char,struct std::char_traits<char>,class std::allocator<char> > const &,class std::locale const &)" (__imp_??0String@sf@@QEAA@AEBV?$basic_string@DU?$char_traits@D@std@@V?$allocator@D@2@@std@@AEBVlocale@3@@Z) в функции "bool __cdecl startGame(void)" (?startGame@@YA_NXZ).
Source.obj : error LNK2019: ссылка на неразрешенный внешний символ "__declspec(dllimport) public: __cdecl sf::String::~String(void)" (__imp_??1String@sf@@QEAA@XZ) в функции "void __cdecl menu(class sf::RenderWindow &)" (?menu@@YAXAEAVRenderWindow@sf@@@Z).
Source.obj : error LNK2019: ссылка на неразрешенный внешний символ "__declspec(dllimport) public: static bool __cdecl sf::Keyboard::isKeyPressed(enum sf::Keyboard::Key)" (__imp_?isKeyPressed@Keyboard@sf@@SA_NW4Key@12@@Z) в функции "bool __cdecl startGame(void)" (?startGame@@YA_NXZ).
Source.obj : error LNK2019: ссылка на неразрешенный внешний символ "__declspec(dllimport) public: static bool __cdecl sf::Mouse::isButtonPressed(enum sf::Mouse::Button)" (__imp_?isButtonPressed@Mouse@sf@@SA_NW4Button@12@@Z) в функции "void __cdecl menu(class sf::RenderWindow &)" (?menu@@YAXAEAVRenderWindow@sf@@@Z).
Source.obj : error LNK2019: ссылка на неразрешенный внешний символ "__declspec(dllimport) public: static class sf::Vector2<int> __cdecl sf::Mouse::getPosition(class sf::Window const &)" (__imp_?getPosition@Mouse@sf@@SA?AV?$Vector2@H@2@AEBVWindow@2@@Z) в функции "void __cdecl menu(class sf::RenderWindow &)" (?menu@@YAXAEAVRenderWindow@sf@@@Z).
Source.obj : error LNK2019: ссылка на неразрешенный внешний символ "__declspec(dllimport) public: __cdecl sf::VideoMode::VideoMode(unsigned int,unsigned int,unsigned int)" (__imp_??0VideoMode@sf@@QEAA@III@Z) в функции "bool __cdecl startGame(void)" (?startGame@@YA_NXZ).
Source.obj : error LNK2019: ссылка на неразрешенный внешний символ "__declspec(dllimport) public: void __cdecl sf::Window::close(void)" (__imp_?close@Window@sf@@QEAAXXZ) в функции "void __cdecl menu(class sf::RenderWindow &)" (?menu@@YAXAEAVRenderWindow@sf@@@Z).
Source.obj : error LNK2019: ссылка на неразрешенный внешний символ "__declspec(dllimport) public: bool __cdecl sf::Window::isOpen(void)const " (__imp_?isOpen@Window@sf@@QEBA_NXZ) в функции "bool __cdecl startGame(void)" (?startGame@@YA_NXZ).
Source.obj : error LNK2019: ссылка на неразрешенный внешний символ "__declspec(dllimport) public: bool __cdecl sf::Window::pollEvent(class sf::Event &)" (__imp_?pollEvent@Window@sf@@QEAA_NAEAVEvent@2@@Z) в функции "bool __cdecl startGame(void)" (?startGame@@YA_NXZ).
Source.obj : error LNK2019: ссылка на неразрешенный внешний символ "__declspec(dllimport) public: void __cdecl sf::Window::display(void)" (__imp_?display@Window@sf@@QEAAXXZ) в функции "void __cdecl menu(class sf::RenderWindow &)" (?menu@@YAXAEAVRenderWindow@sf@@@Z).
Source.obj : error LNK2019: ссылка на неразрешенный внешний символ "__declspec(dllimport) public: void __cdecl sf::Transformable::setPosition(float,float)" (__imp_?setPosition@Transformable@sf@@QEAAXMM@Z) в функции "void __cdecl menu(class sf::RenderWindow &)" (?menu@@YAXAEAVRenderWindow@sf@@@Z).
Source.obj : error LNK2019: ссылка на неразрешенный внешний символ "__declspec(dllimport) public: __cdecl sf::Color::Color(unsigned char,unsigned char,unsigned char,unsigned char)" (__imp_??0Color@sf@@QEAA@EEEE@Z) в функции "bool __cdecl startGame(void)" (?startGame@@YA_NXZ).
Source.obj : error LNK2019: ссылка на неразрешенный внешний символ "__declspec(dllimport) public: __cdecl sf::Texture::Texture(void)" (__imp_??0Texture@sf@@QEAA@XZ) в функции "bool __cdecl startGame(void)" (?startGame@@YA_NXZ).
Source.obj : error LNK2019: ссылка на неразрешенный внешний символ "__declspec(dllimport) public: __cdecl sf::Texture::~Texture(void)" (__imp_??1Texture@sf@@QEAA@XZ) в функции "bool __cdecl startGame(void)" (?startGame@@YA_NXZ).
Source.obj : error LNK2019: ссылка на неразрешенный внешний символ "__declspec(dllimport) public: bool __cdecl sf::Texture::loadFromFile(class std::basic_string<char,struct std::char_traits<char>,class std::allocator<char> > const &,class sf::Rect<int> const &)" (__imp_?loadFromFile@Texture@sf@@QEAA_NAEBV?$basic_string@DU?$char_traits@D@std@@V?$allocator@D@2@@std@@AEBV?$Rect@H@2@@Z) в функции "bool __cdecl startGame(void)" (?startGame@@YA_NXZ).
Source.obj : error LNK2019: ссылка на неразрешенный внешний символ "__declspec(dllimport) public: __cdecl sf::Font::Font(void)" (__imp_??0Font@sf@@QEAA@XZ) в функции "void __cdecl menu(class sf::RenderWindow &)" (?menu@@YAXAEAVRenderWindow@sf@@@Z).
Source.obj : error LNK2019: ссылка на неразрешенный внешний символ "__declspec(dllimport) public: __cdecl sf::Font::~Font(void)" (__imp_??1Font@sf@@QEAA@XZ) в функции "void __cdecl menu(class sf::RenderWindow &)" (?menu@@YAXAEAVRenderWindow@sf@@@Z).
Source.obj : error LNK2019: ссылка на неразрешенный внешний символ "__declspec(dllimport) public: bool __cdecl sf::Font::loadFromFile(class std::basic_string<char,struct std::char_traits<char>,class std::allocator<char> > const &)" (__imp_?loadFromFile@Font@sf@@QEAA_NAEBV?$basic_string@DU?$char_traits@D@std@@V?$allocator@D@2@@std@@@Z) в функции "void __cdecl menu(class sf::RenderWindow &)" (?menu@@YAXAEAVRenderWindow@sf@@@Z).
Source.obj : error LNK2019: ссылка на неразрешенный внешний символ "__declspec(dllimport) public: void __cdecl sf::RenderTarget::clear(class sf::Color const &)" (__imp_?clear@RenderTarget@sf@@QEAAXAEBVColor@2@@Z) в функции "void __cdecl menu(class sf::RenderWindow &)" (?menu@@YAXAEAVRenderWindow@sf@@@Z).
Source.obj : error LNK2019: ссылка на неразрешенный внешний символ "__declspec(dllimport) public: void __cdecl sf::RenderTarget::draw(class sf::Drawable const &,class sf::RenderStates const &)" (__imp_?draw@RenderTarget@sf@@QEAAXAEBVDrawable@2@AEBVRenderStates@2@@Z) в функции "void __cdecl menu(class sf::RenderWindow &)" (?menu@@YAXAEAVRenderWindow@sf@@@Z).
Source.obj : error LNK2019: ссылка на неразрешенный внешний символ "__declspec(dllimport) public: __cdecl sf::RenderWindow::RenderWindow(class sf::VideoMode,class sf::String const &,unsigned int,struct sf::ContextSettings const &)" (__imp_??0RenderWindow@sf@@QEAA@VVideoMode@1@AEBVString@1@IAEBUContextSettings@1@@Z) в функции "bool __cdecl startGame(void)" (?startGame@@YA_NXZ).
Source.obj : error LNK2019: ссылка на неразрешенный внешний символ "__declspec(dllimport) public: virtual __cdecl sf::RenderWindow::~RenderWindow(void)" (__imp_??1RenderWindow@sf@@UEAA@XZ) в функции "bool __cdecl startGame(void)" (?startGame@@YA_NXZ).
Source.obj : error LNK2019: ссылка на неразрешенный внешний символ "__declspec(dllimport) public: __cdecl sf::Sprite::Sprite(class sf::Texture const &)" (__imp_??0Sprite@sf@@QEAA@AEBVTexture@1@@Z) в функции "bool __cdecl startGame(void)" (?startGame@@YA_NXZ).
Source.obj : error LNK2019: ссылка на неразрешенный внешний символ "__declspec(dllimport) public: void __cdecl sf::Sprite::setTextureRect(class sf::Rect<int> const &)" (__imp_?setTextureRect@Sprite@sf@@QEAAXAEBV?$Rect@H@2@@Z) в функции "bool __cdecl startGame(void)" (?startGame@@YA_NXZ).
Source.obj : error LNK2019: ссылка на неразрешенный внешний символ "__declspec(dllimport) public: virtual __cdecl sf::Sprite::~Sprite(void)" (__imp_??1Sprite@sf@@UEAA@XZ) в функции "bool __cdecl startGame(void)" (?startGame@@YA_NXZ).
Source.obj : error LNK2019: ссылка на неразрешенный внешний символ "__declspec(dllimport) public: __cdecl sf::Text::Text(void)" (__imp_??0Text@sf@@QEAA@XZ) в функции "void __cdecl menu(class sf::RenderWindow &)" (?menu@@YAXAEAVRenderWindow@sf@@@Z).
Source.obj : error LNK2019: ссылка на неразрешенный внешний символ "__declspec(dllimport) public: void __cdecl sf::Text::setString(class sf::String const &)" (__imp_?setString@Text@sf@@QEAAXAEBVString@2@@Z) в функции "void __cdecl menu(class sf::RenderWindow &)" (?menu@@YAXAEAVRenderWindow@sf@@@Z).
Source.obj : error LNK2019: ссылка на неразрешенный внешний символ "__declspec(dllimport) public: void __cdecl sf::Text::setFont(class sf::Font const &)" (__imp_?setFont@Text@sf@@QEAAXAEBVFont@2@@Z) в функции "void __cdecl menu(class sf::RenderWindow &)" (?menu@@YAXAEAVRenderWindow@sf@@@Z).
Source.obj : error LNK2019: ссылка на неразрешенный внешний символ "__declspec(dllimport) public: void __cdecl sf::Text::setCharacterSize(unsigned int)" (__imp_?setCharacterSize@Text@sf@@QEAAXI@Z) в функции "void __cdecl menu(class sf::RenderWindow &)" (?menu@@YAXAEAVRenderWindow@sf@@@Z).
Source.obj : error LNK2019: ссылка на неразрешенный внешний символ "__declspec(dllimport) public: void __cdecl sf::Text::setFillColor(class sf::Color const &)" (__imp_?setFillColor@Text@sf@@QEAAXAEBVColor@2@@Z) в функции "void __cdecl menu(class sf::RenderWindow &)" (?menu@@YAXAEAVRenderWindow@sf@@@Z).
Source.obj : error LNK2019: ссылка на неразрешенный внешний символ "__declspec(dllimport) public: virtual __cdecl sf::Text::~Text(void)" (__imp_??1Text@sf@@UEAA@XZ) в функции "void __cdecl menu(class sf::RenderWindow &)" (?menu@@YAXAEAVRenderWindow@sf@@@Z).
Source.obj : error LNK2019: ссылка на неразрешенный внешний символ "__declspec(dllimport) public: void __cdecl sf::SoundSource::setVolume(float)" (__imp_?setVolume@SoundSource@sf@@QEAAXM@Z) в функции "bool __cdecl startGame(void)" (?startGame@@YA_NXZ).
Source.obj : error LNK2019: ссылка на неразрешенный внешний символ "__declspec(dllimport) public: __cdecl sf::Sound::Sound(class sf::SoundBuffer const &)" (__imp_??0Sound@sf@@QEAA@AEBVSoundBuffer@1@@Z) в функции "void __cdecl menu(class sf::RenderWindow &)" (?menu@@YAXAEAVRenderWindow@sf@@@Z).
Source.obj : error LNK2019: ссылка на неразрешенный внешний символ "__declspec(dllimport) public: virtual __cdecl sf::Sound::~Sound(void)" (__imp_??1Sound@sf@@UEAA@XZ) в функции "void __cdecl menu(class sf::RenderWindow &)" (?menu@@YAXAEAVRenderWindow@sf@@@Z).
Source.obj : error LNK2019: ссылка на неразрешенный внешний символ "__declspec(dllimport) public: virtual void __cdecl sf::Sound::play(void)" (__imp_?play@Sound@sf@@UEAAXXZ) в функции "void __cdecl menu(class sf::RenderWindow &)" (?menu@@YAXAEAVRenderWindow@sf@@@Z).
Source.obj : error LNK2019: ссылка на неразрешенный внешний символ "__declspec(dllimport) public: __cdecl sf::SoundBuffer::SoundBuffer(void)" (__imp_??0SoundBuffer@sf@@QEAA@XZ) в функции "void __cdecl menu(class sf::RenderWindow &)" (?menu@@YAXAEAVRenderWindow@sf@@@Z).
Source.obj : error LNK2019: ссылка на неразрешенный внешний символ "__declspec(dllimport) public: __cdecl sf::SoundBuffer::~SoundBuffer(void)" (__imp_??1SoundBuffer@sf@@QEAA@XZ) в функции "void __cdecl menu(class sf::RenderWindow &)" (?menu@@YAXAEAVRenderWindow@sf@@@Z).
Source.obj : error LNK2019: ссылка на неразрешенный внешний символ "__declspec(dllimport) public: bool __cdecl sf::SoundBuffer::loadFromFile(class std::basic_string<char,struct std::char_traits<char>,class std::allocator<char> > const &)" (__imp_?loadFromFile@SoundBuffer@sf@@QEAA_NAEBV?$basic_string@DU?$char_traits@D@std@@V?$allocator@D@2@@std@@@Z) в функции "void __cdecl menu(class sf::RenderWindow &)" (?menu@@YAXAEAVRenderWindow@sf@@@Z).
Source.obj : error LNK2019: ссылка на неразрешенный внешний символ "__declspec(dllimport) public: static class sf::RenderStates const sf::RenderStates::Default" (__imp_?Default@RenderStates@sf@@2V12@B) в функции "void __cdecl menu(class sf::RenderWindow &)" (?menu@@YAXAEAVRenderWindow@sf@@@Z).
Source.obj : error LNK2019: ссылка на неразрешенный внешний символ "__declspec(dllimport) public: static class sf::Color const sf::Color::Black" (__imp_?Black@Color@sf@@2V12@B) в функции "void __cdecl menu(class sf::RenderWindow &)" (?menu@@YAXAEAVRenderWindow@sf@@@Z).
Source.obj : error LNK2019: ссылка на неразрешенный внешний символ "__declspec(dllimport) public: static class sf::Color const sf::Color::White" (__imp_?White@Color@sf@@2V12@B) в функции "void __cdecl menu(class sf::RenderWindow &)" (?menu@@YAXAEAVRenderWindow@sf@@@Z).
Source.obj : error LNK2019: ссылка на неразрешенный внешний символ "__declspec(dllimport) public: static class sf::Color const sf::Color::Green" (__imp_?Green@Color@sf@@2V12@B) в функции "void __cdecl menu(class sf::RenderWindow &)" (?menu@@YAXAEAVRenderWindow@sf@@@Z).
D:\Projects\Сапер\x64\Debug\Сапер.exe : fatal error LNK1120: неразрешенных внешних элементов: 47
